<?xml version="1.0" encoding="UTF-8"?>
<!-- Generated by org.testng.reporters.JUnitXMLReporter -->
<testsuite ignored="0" hostname="vishal-gupta" failures="1" tests="2" name="Test" time="80.046" errors="0" timestamp="2024-06-05T16:43:30 IST">
  <testcase classname="Appium.practice.Endtoend" name="Test" time="25.996"/>
  <testcase classname="Appium.practice.Endtoend" name="Test" time="37.058">
    <failure type="java.lang.AssertionError" message="expected [Jordan Lift Off] but found [Jordan 6 Rings]">
      <![CDATA[java.lang.AssertionError: expected [Jordan Lift Off] but found [Jordan 6 Rings]
at Appium.practice.Endtoend.Test(Endtoend.java:29)
at java.base/java.util.ArrayList.forEach(ArrayList.java:1597)
... Removed 31 stack frames]]>
    </failure>
  </testcase> <!-- Test -->
</testsuite> <!-- Test -->
