<?xml version="1.0" encoding="UTF-8"?>
<testng-results ignored="0" total="2" passed="2" failed="0" skipped="0">
  <reporter-output>
  </reporter-output>
  <suite started-at="2024-06-08T15:30:18 IST" name="Suite" finished-at="2024-06-08T15:31:28 IST" duration-ms="69539">
    <groups>
    </groups>
    <test started-at="2024-06-08T15:30:18 IST" name="EndToEndTesting" finished-at="2024-06-08T15:31:28 IST" duration-ms="69539">
      <class name="Appium.practice.Endtoend">
        <test-method is-config="true" signature="startServer()[pri:0, instance:Appium.practice.Endtoend@495ee280]" started-at="2024-06-08T15:30:18 IST" name="startServer" finished-at="2024-06-08T15:30:34 IST" duration-ms="15868" status="PASS">
          <reporter-output>
          </reporter-output>
        </test-method> <!-- startServer -->
        <test-method is-config="true" signature="startActivity()[pri:0, instance:Appium.practice.Endtoend@495ee280]" started-at="2024-06-08T15:30:34 IST" name="startActivity" finished-at="2024-06-08T15:30:36 IST" duration-ms="1318" status="PASS">
          <reporter-output>
          </reporter-output>
        </test-method> <!-- startActivity -->
        <test-method signature="Test(java.util.HashMap)[pri:0, instance:Appium.practice.Endtoend@495ee280]" started-at="2024-06-08T15:30:36 IST" name="Test" data-provider="getData" finished-at="2024-06-08T15:31:02 IST" duration-ms="25900" status="PASS">
          <params>
            <param index="0">
              <value>
                <![CDATA[{name=vishal gupta, countryName=Bhutan, gender=female, productName=Jordan Lift Off}]]>
              </value>
            </param>
          </params>
          <reporter-output>
          </reporter-output>
        </test-method> <!-- Test -->
        <test-method is-config="true" signature="startActivity()[pri:0, instance:Appium.practice.Endtoend@495ee280]" started-at="2024-06-08T15:31:02 IST" name="startActivity" finished-at="2024-06-08T15:31:02 IST" duration-ms="231" status="PASS">
          <reporter-output>
          </reporter-output>
        </test-method> <!-- startActivity -->
        <test-method signature="Test(java.util.HashMap)[pri:0, instance:Appium.practice.Endtoend@495ee280]" started-at="2024-06-08T15:31:02 IST" name="Test" data-provider="getData" finished-at="2024-06-08T15:31:27 IST" duration-ms="25096" status="PASS">
          <params>
            <param index="0">
              <value>
                <![CDATA[{name=gupta vishal, countryName=Bhutan, gender=male, productName=Jordan Lift Off}]]>
              </value>
            </param>
          </params>
          <reporter-output>
          </reporter-output>
        </test-method> <!-- Test -->
        <test-method is-config="true" signature="stopServer()[pri:0, instance:Appium.practice.Endtoend@495ee280]" started-at="2024-06-08T15:31:27 IST" name="stopServer" finished-at="2024-06-08T15:31:28 IST" duration-ms="662" status="PASS">
          <reporter-output>
          </reporter-output>
        </test-method> <!-- stopServer -->
      </class> <!-- Appium.practice.Endtoend -->
    </test> <!-- EndToEndTesting -->
  </suite> <!-- Suite -->
</testng-results>
